<?xml version="1.0" encoding="utf-8"?><testsuites name="pytest tests"><testsuite name="pytest" errors="0" failures="0" skipped="0" tests="20" time="2.005" timestamp="2026-09-01T18:45:08.326230+00:00" hostname="agent-env-fb4de412-5b43-4f99-9ff8-3b60f0a8dd15"><testcase classname="tests.test_interest_endpoints.TestListings" name="test_listings_total_180" time="0.369" /><testcase classname="tests.test_interest_endpoints.TestListings" name="test_listings_per_city[London-100]" time="0.186" /><testcase classname="tests.test_interest_endpoints.TestDriverInterest" name="test_driver_interest_ok_and_persisted" time="0.825" /><testcase classname="tests.test_interest_endpoints.TestListings" name="test_listings_per_city[Birmingham-20]" time="0.082" /><testcase classname="tests.test_interest_endpoints.TestListings" name="test_listings_per_city[Manchester-20]" time="0.088" /><testcase classname="tests.test_interest_endpoints.TestListings" name="test_listings_per_city[Leeds-20]" time="0.077" /><testcase classname="tests.test_interest_endpoints.TestListings" name="test_listings_per_city[Sheffield-20]" time="0.091" /><testcase classname="tests.test_interest_endpoints.TestDriverInterest" name="test_driver_interest_invalid_email_422" time="0.095" /><testcase classname="tests.test_interest_endpoints.TestListings" name="test_colour_variants_present" time="0.107" /><testcase classname="tests.test_interest_endpoints.TestDriverInterest" name="test_driver_interest_missing_fields_422" time="0.087" /><testcase classname="tests.test_interest_endpoints.TestListings" name="test_get_single_listing" time="0.099" /><testcase classname="tests.test_interest_endpoints.TestOperatorInterest" name="test_interest_with_vehicle_types" time="0.229" /><testcase classname="tests.test_interest_endpoints.TestListings" name="test_get_missing_listing_404" time="0.093" /><testcase classname="tests.test_interest_endpoints.TestPublic" name="test_events" time="0.072" /><testcase classname="tests.test_interest_endpoints.TestOperatorInterest" name="test_interest_no_account_created" time="0.088" /><testcase classname="tests.test_interest_endpoints.TestPublic" name="test_stats" time="0.116" /><testcase classname="tests.test_interest_endpoints.TestOperatorInterest" name="test_interest_missing_required_422" time="0.129" /><testcase classname="tests.test_interest_endpoints.TestPublic" name="test_admin_requires_auth" time="0.072" /><testcase classname="tests.test_interest_endpoints.TestQuote" name="test_quote_for_listing" time="0.085" /><testcase classname="tests.test_interest_endpoints.TestQuote" name="test_quote_no_listing" time="0.101" /></testsuite></testsuites>