<?xml version="1.0" encoding="utf-8"?><testsuites name="pytest tests"><testsuite name="pytest" errors="0" failures="0" skipped="0" tests="54" time="10.930" timestamp="2026-07-25T02:09:15.887895+00:00" hostname="agent-env-fb4de412-5b43-4f99-9ff8-3b60f0a8dd15"><testcase classname="tests.backend_test.TestListings" name="test_list_all_seeded" time="0.469" /><testcase classname="tests.backend_test.TestAdmin" name="test_summary" time="0.515" /><testcase classname="tests.backend_test.TestListings" name="test_filter_borough" time="0.049" /><testcase classname="tests.backend_test.TestAdmin" name="test_admin_lists[leads]" time="0.050" /><testcase classname="tests.backend_test.TestListings" name="test_filter_vehicle_type" time="0.048" /><testcase classname="tests.backend_test.TestAdmin" name="test_admin_lists[applications]" time="0.052" /><testcase classname="tests.backend_test.TestListings" name="test_filter_fuel" time="0.048" /><testcase classname="tests.backend_test.TestListings" name="test_filter_max_budget" time="0.046" /><testcase classname="tests.backend_test.TestAdmin" name="test_admin_lists[interests]" time="0.044" /><testcase classname="tests.backend_test.TestListings" name="test_filter_breakdown" time="0.048" /><testcase classname="tests.backend_test.TestAdmin" name="test_admin_lists[users]" time="0.049" /><testcase classname="tests.backend_test.TestListings" name="test_sort_price_asc" time="0.053" /><testcase classname="tests.backend_test.TestAdmin" name="test_admin_lists[events]" time="0.049" /><testcase classname="tests.backend_test.TestListings" name="test_sort_price_desc" time="0.051" /><testcase classname="tests.backend_test.TestListings" name="test_sort_rating" time="0.273" /><testcase classname="tests.backend_test.TestAdmin" name="test_non_admin_forbidden" time="0.370" /><testcase classname="tests.backend_test.TestAdmin" name="test_admin_unauth" time="0.285" /><testcase classname="tests.backend_test.TestListings" name="test_get_listing_by_id_and_records_view" time="0.965" /><testcase classname="tests.backend_test.TestAdmin" name="test_export_csv" time="0.055" /><testcase classname="tests.backend_test.TestAdmin" name="test_export_bad_collection" time="0.045" /><testcase classname="tests.test_city_analytics.TestAdminAnalytics" name="test_analytics_shape" time="0.438" /><testcase classname="tests.test_city_analytics.TestAdminAnalytics" name="test_analytics_requires_auth" time="0.095" /><testcase classname="tests.backend_test.TestListings" name="test_get_listing_404" time="0.046" /><testcase classname="tests.test_password_reset.TestPasswordReset" name="test_forgot_password_ok_for_registered" time="0.670" /><testcase classname="tests.test_city_analytics.TestAdminAnalytics" name="test_analytics_non_admin_forbidden" time="0.591" /><testcase classname="tests.test_city_analytics.TestAdminAnalytics" name="test_admin_city_requests_list" time="0.054" /><testcase classname="tests.test_city_analytics.TestAdminAnalytics" name="test_admin_export_city_requests_csv" time="0.056" /><testcase classname="tests.test_password_reset.TestPasswordReset" name="test_forgot_password_no_enumeration" time="0.312" /><testcase classname="tests.test_trend_analytics" name="test_analytics_has_trend_with_14_entries" time="0.656" /><testcase classname="tests.test_password_reset.TestPasswordReset" name="test_reset_end_to_end" time="1.740" /><testcase classname="tests.test_trend_analytics" name="test_analytics_still_has_funnel_and_sources" time="0.104" /><testcase classname="tests.test_trend_analytics" name="test_operator_interest_creates_lead_source" time="0.344" /><testcase classname="tests.test_trend_analytics" name="test_driver_register_creates_lead_source" time="0.873" /><testcase classname="tests.backend_test.TestApplications" name="test_create_application_and_list_mine" time="0.195" /><testcase classname="tests.test_password_reset.TestPasswordReset" name="test_reset_invalid_token" time="0.136" /><testcase classname="tests.backend_test.TestApplications" name="test_profile_reuse_and_duration_weeks" time="0.731" /><testcase classname="tests.test_password_reset.TestPasswordReset" name="test_reset_password_too_short" time="0.760" /><testcase classname="tests.backend_test.TestApplications" name="test_anonymous_application_ok" time="0.099" /><testcase classname="tests.test_password_reset.TestPasswordReset" name="test_reset_expired_token" time="0.413" /><testcase classname="tests.test_city_analytics.TestCityFilter" name="test_london_returns_12_and_city_field" time="0.281" /><testcase classname="tests.test_city_analytics.TestCityFilter" name="test_manchester_returns_zero" time="0.141" /><testcase classname="tests.test_city_analytics.TestCityFilter" name="test_london_electric_filter" time="0.272" /><testcase classname="tests.test_operator_auth.TestOperatorRegistrationAndLogin" name="test_register_operator_then_login" time="1.999" /><testcase classname="tests.backend_test.TestQuote" name="test_quote_returns_three" time="0.044" /><testcase classname="tests.backend_test.TestQuote" name="test_quote_with_listing" time="0.126" /><testcase classname="tests.backend_test.TestAuth" name="test_register_login_me_logout" time="1.731" /><testcase classname="tests.test_operator_auth.TestOperatorRegistrationAndLogin" name="test_operator_interest_end_to_end" time="1.003" /><testcase classname="tests.backend_test.TestAuth" name="test_me_unauth" time="0.253" /><testcase classname="tests.backend_test.TestInterestStats" name="test_interest" time="0.050" /><testcase classname="tests.backend_test.TestInterestStats" name="test_stats" time="0.046" /><testcase classname="tests.test_password_reset.TestCityInterest" name="test_city_request_creates_records" time="0.109" /><testcase classname="tests.test_operator_auth.TestOperatorRegistrationAndLogin" name="test_operator_register_short_password_rejected" time="0.329" /><testcase classname="tests.test_city_analytics.TestCityInterest" name="test_city_interest_creates_request_and_lead" time="0.534" /><testcase classname="tests.test_city_analytics.TestCityInterest" name="test_city_demand_aggregates_manchester" time="0.212" /></testsuite></testsuites>