<?xml version="1.0" encoding="utf-8"?><testsuites name="pytest tests"><testsuite name="pytest" errors="0" failures="0" skipped="0" tests="20" time="2.046" timestamp="2026-09-01T19:03:01.179433+00:00" hostname="agent-env-fb4de412-5b43-4f99-9ff8-3b60f0a8dd15"><testcase classname="tests.test_interest_endpoints.TestListings" name="test_listings_total_180" time="0.652" /><testcase classname="tests.test_interest_endpoints.TestDriverInterest" name="test_driver_interest_ok_and_persisted" time="0.812" /><testcase classname="tests.test_interest_endpoints.TestListings" name="test_listings_per_city[London-100]" time="0.217" /><testcase classname="tests.test_interest_endpoints.TestDriverInterest" name="test_driver_interest_invalid_email_422" time="0.071" /><testcase classname="tests.test_interest_endpoints.TestListings" name="test_listings_per_city[Birmingham-20]" time="0.079" /><testcase classname="tests.test_interest_endpoints.TestDriverInterest" name="test_driver_interest_missing_fields_422" time="0.074" /><testcase classname="tests.test_interest_endpoints.TestListings" name="test_listings_per_city[Manchester-20]" time="0.098" /><testcase classname="tests.test_interest_endpoints.TestOperatorInterest" name="test_interest_with_vehicle_types" time="0.162" /><testcase classname="tests.test_interest_endpoints.TestListings" name="test_listings_per_city[Leeds-20]" time="0.077" /><testcase classname="tests.test_interest_endpoints.TestOperatorInterest" name="test_interest_no_account_created" time="0.073" /><testcase classname="tests.test_interest_endpoints.TestListings" name="test_listings_per_city[Sheffield-20]" time="0.085" /><testcase classname="tests.test_interest_endpoints.TestOperatorInterest" name="test_interest_missing_required_422" time="0.069" /><testcase classname="tests.test_interest_endpoints.TestListings" name="test_colour_variants_present" time="0.132" /><testcase classname="tests.test_interest_endpoints.TestPublic" name="test_events" time="0.113" /><testcase classname="tests.test_interest_endpoints.TestListings" name="test_get_single_listing" time="0.069" /><testcase classname="tests.test_interest_endpoints.TestPublic" name="test_stats" time="0.117" /><testcase classname="tests.test_interest_endpoints.TestListings" name="test_get_missing_listing_404" time="0.070" /><testcase classname="tests.test_interest_endpoints.TestQuote" name="test_quote_for_listing" time="0.076" /><testcase classname="tests.test_interest_endpoints.TestPublic" name="test_admin_requires_auth" time="0.112" /><testcase classname="tests.test_interest_endpoints.TestQuote" name="test_quote_no_listing" time="0.079" /></testsuite></testsuites>