<?xml version="1.0" encoding="utf-8"?><testsuites name="pytest tests"><testsuite name="pytest" errors="0" failures="0" skipped="0" tests="30" time="4.283" timestamp="2026-07-25T00:16:41.149989+00:00" hostname="agent-env-fb4de412-5b43-4f99-9ff8-3b60f0a8dd15"><testcase classname="tests.backend_test.TestListings" name="test_list_all_seeded" time="0.467" /><testcase classname="tests.backend_test.TestAdmin" name="test_summary" time="0.559" /><testcase classname="tests.backend_test.TestListings" name="test_filter_borough" time="0.044" /><testcase classname="tests.backend_test.TestListings" name="test_filter_vehicle_type" time="0.049" /><testcase classname="tests.backend_test.TestAdmin" name="test_admin_lists[leads]" time="0.049" /><testcase classname="tests.backend_test.TestListings" name="test_filter_fuel" time="0.051" /><testcase classname="tests.backend_test.TestAdmin" name="test_admin_lists[applications]" time="0.055" /><testcase classname="tests.backend_test.TestListings" name="test_filter_max_budget" time="0.049" /><testcase classname="tests.backend_test.TestListings" name="test_filter_breakdown" time="0.044" /><testcase classname="tests.backend_test.TestAdmin" name="test_admin_lists[interests]" time="0.049" /><testcase classname="tests.backend_test.TestListings" name="test_sort_price_asc" time="0.049" /><testcase classname="tests.backend_test.TestAdmin" name="test_admin_lists[users]" time="0.052" /><testcase classname="tests.backend_test.TestListings" name="test_sort_price_desc" time="0.045" /><testcase classname="tests.backend_test.TestAdmin" name="test_admin_lists[events]" time="0.049" /><testcase classname="tests.backend_test.TestListings" name="test_sort_rating" time="0.045" /><testcase classname="tests.backend_test.TestListings" name="test_get_listing_by_id_and_records_view" time="1.082" /><testcase classname="tests.backend_test.TestAdmin" name="test_non_admin_forbidden" time="0.628" /><testcase classname="tests.backend_test.TestAdmin" name="test_admin_unauth" time="0.094" /><testcase classname="tests.backend_test.TestAdmin" name="test_export_csv" time="0.049" /><testcase classname="tests.backend_test.TestAdmin" name="test_export_bad_collection" time="0.044" /><testcase classname="tests.backend_test.TestQuote" name="test_quote_returns_three" time="0.094" /><testcase classname="tests.backend_test.TestQuote" name="test_quote_with_listing" time="0.091" /><testcase classname="tests.backend_test.TestAuth" name="test_register_login_me_logout" time="1.654" /><testcase classname="tests.backend_test.TestListings" name="test_get_listing_404" time="0.256" /><testcase classname="tests.backend_test.TestApplications" name="test_create_application_and_list_mine" time="0.738" /><testcase classname="tests.backend_test.TestApplications" name="test_profile_reuse_and_duration_weeks" time="0.711" /><testcase classname="tests.backend_test.TestAuth" name="test_me_unauth" time="0.137" /><testcase classname="tests.backend_test.TestInterestStats" name="test_interest" time="0.105" /><testcase classname="tests.backend_test.TestApplications" name="test_anonymous_application_ok" time="0.137" /><testcase classname="tests.backend_test.TestInterestStats" name="test_stats" time="0.048" /></testsuite></testsuites>